$ npx next build
info  - Loaded env from D:\FPTU\Capstone_Project\ume-client\apps\admin\.env.local
info  - Loaded env from D:\FPTU\Capstone_Project\ume-client\apps\admin\.env.production
warn  - Invalid next.config.js options detected:
  - The root value has an unexpected property, transpilePackages, which is not in the list of allowed properties (amp, analyticsId, assetPrefix, basePath, cleanDistDir, compiler, compress, crossOrigin, devIndicators, distDir, env, eslint, excludeDefaultMomentLocales, experimental, exportPathMap, generateBuildId, generateEtags, headers, httpAgentOptions, i18n, images, onDemandEntries, optimizeFonts, output, outputFileTracing, pageExtensions, poweredByHeader, productionBrowserSourceMaps, publicRuntimeConfig, reactStrictMode, redirects, rewrites, sassOptions, serverRuntimeConfig, staticPageGenerationTimeout, swcMinify, trailingSlash, typescript, useFileSystemPublicRoutes, webpack).

See more info here: https://nextjs.org/docs/messages/invalid-next-config
info  - Linting and checking validity of types...
Failed to compile.

Route (pages)                              Size     First Load JS
┌ λ /                                      257 B           189 kB
├   /_app                                  0 B             189 kB
├ λ /404                                   334 B           189 kB
├ λ /api/status                            0 B             189 kB
├ λ /api/trpc/[trpc]                       0 B             189 kB
├ ○ /dashboard                             1.8 kB          191 kB
├ ○ /kyc-manager/[task]                    1.88 kB         191 kB
├ ○ /provider-manager                      1.84 kB         191 kB
├ ○ /services-manager                      1.84 kB         191 kB
├ ○ /signin                                1.81 kB         191 kB
├ ○ /transaction-manager/[task]            1.87 kB         191 kB
├ ○ /user-manager                          1.84 kB         191 kB
└ ○ /voucher-manager/[task]                1.9 kB          191 kB
+ First Load JS shared by all              195 kB
  ├ chunks/framework-22108eb722d84e59.js   45.4 kB
  ├ chunks/main-1549b305685c3af3.js        26.7 kB
  ├ chunks/pages/_app-0c7aecd8e1801422.js  115 kB
  ├ chunks/webpack-52ccf9b610b587a8.js     2.15 kB
  └ css/901ab1856b377856.css               5.83 kB

λ  (Server)  server-side renders at runtime (uses getInitialProps or getServerSideProps)
○  (Static)  automatically rendered as static HTML (uses no initial props)

[0m [90m 3 | [39m[0m
[0m [90m 4 | [39m[36mimport[39m { parse } [36mfrom[39m [32m'cookie'[39m[0m
[0m[31m[1m>[22m[39m[90m 5 | [39m[36mimport[39m { [33mAdminManageDepositRequestApi[39m[33m,[39m [33mAdminManageWithdrawalRequestApi[39m } [36mfrom[39m [32m'ume-service-openapi'[39m[0m
[0m [90m   | [39m                                       [31m[1m^[22m[39m[0m
[0m [90m 6 | [39m[0m
[0m [90m 7 | [39m[36mimport[39m { getTRPCErrorTypeFromErrorStatus } [36mfrom[39m [32m'~/utils/errors'[39m[0m
[0m [90m 8 | [39m[0m
error Command failed with exit code 1.
info Visit https://yarnpkg.com/en/docs/cli/run for documentation about this command.
