yarn run v1.22.19
$ npx next build
info  - Loaded env from /Users/huyqtrieu/Desktop/Personal/ume-client/apps/client/.env.local
info  - Loaded env from /Users/huyqtrieu/Desktop/Personal/ume-client/apps/client/.env.production
warn  - Invalid next.config.js options detected: 
  - The root value has an unexpected property, transpilePackages, which is not in the list of allowed properties (amp, analyticsId, assetPrefix, basePath, cleanDistDir, compiler, compress, crossOrigin, devIndicators, distDir, env, eslint, excludeDefaultMomentLocales, experimental, exportPathMap, generateBuildId, generateEtags, headers, httpAgentOptions, i18n, images, onDemandEntries, optimizeFonts, output, outputFileTracing, pageExtensions, poweredByHeader, productionBrowserSourceMaps, publicRuntimeConfig, reactStrictMode, redirects, rewrites, sassOptions, serverRuntimeConfig, staticPageGenerationTimeout, swcMinify, trailingSlash, typescript, useFileSystemPublicRoutes, webpack).

See more info here: https://nextjs.org/docs/messages/invalid-next-config
info  - Linting and checking validity of types...
Failed to compile.

./src/components/skeleton-load/skeleton-load.component.tsx:3:25
Type error: Cannot find module 'react-shimmer' or its corresponding type declarations.

[0m [90m 1 | [39m[36mimport[39m [33mReact[39m [36mfrom[39m [32m'react'[39m[0m
[0m [90m 2 | [39m[0m
[0m[31m[1m>[22m[39m[90m 3 | [39m[36mimport[39m { [33mShimmer[39m } [36mfrom[39m [32m'react-shimmer'[39m[0m
[0m [90m   | [39m                        [31m[1m^[22m[39m[0m
[0m [90m 4 | [39m[0m
[0m [90m 5 | [39m[36mconst[39m [33mPostSkeletonLoader[39m [33m=[39m () [33m=>[39m {[0m
[0m [90m 6 | [39m  [36mreturn[39m ([0m
error Command failed with exit code 1.
info Visit https://yarnpkg.com/en/docs/cli/run for documentation about this command.
