yarn run v1.22.19
$ npx tsup-node src/index.tsx --format esm,cjs --dts --external react --treeshake --minify && npx tailwindcss -i ./src/styles.css -o ./dist/styles.css
CLI Building entry: src/index.tsx
CLI Using tsconfig: tsconfig.json
CLI tsup v6.7.0
CLI Target: es6
ESM Build start
CJS Build start
ESM dist/index.mjs 12.84 KB
ESM dist/index.css 73.00 B
ESM ⚡️ Build success in 119ms
CJS dist/index.js  14.04 KB
CJS dist/index.css 73.00 B
CJS ⚡️ Build success in 123ms
DTS Build start
DTS ⚡️ Build success in 2301ms
DTS dist/index.d.ts 5.29 KB

Rebuilding...

Done in 101ms.
Done in 4.26s.
